#2.0#2021 05 06 07:32:36.865#Z#INFO#com.sap.cloud.lm.sl.xs2.3adbbf76-ae3d-11eb-84c7-eeee0a8195a5.OPERATION.startEvent#
######org.cloudfoundry.multiapps.controller.persistence.services.ProcessLogger########http-nio-0.0.0.0-8080-exec-1###
[XS2StartProcessListener] Operation ID: 3adbbf76-ae3d-11eb-84c7-eeee0a8195a5#

#2.0#2021 05 06 07:32:36.882#Z#DEBUG#com.sap.cloud.lm.sl.xs2.3adbbf76-ae3d-11eb-84c7-eeee0a8195a5.OPERATION.startEvent#
######org.cloudfoundry.multiapps.controller.persistence.services.ProcessLogger########http-nio-0.0.0.0-8080-exec-1###
[XS2StartProcessListener] Process environment: {
  "PLATFORM" : "{\n  \"name\": \"CLOUD-FOUNDRY\",\n  \"module-types\": [\n    { \"name\": \"custom\" },\n    { \"name\": \"javascript.nodejs\" },\n    { \"name\": \"java\", \"parameters\": { \"buildpack\": \"sap_java_buildpack\" }},\n    { \"name\": \"java.tomcat\", \"parameters\": { \"buildpack\": \"sap_java_buildpack\" }, \"properties\": { \"TARGET_RUNTIME\": \"tomcat\" }},\n    { \"name\": \"java.tomee\",  \"parameters\": { \"buildpack\": \"sap_java_buildpack\" }, \"properties\": { \"TARGET_RUNTIME\": \"tomee\" }},\n    { \"name\": \"com.sap.xs.hdi-dynamic\", \"parameters\": { \"buildpack\": \"nodejs_buildpack\" }},\n    { \"name\": \"com.sap.xs.hdi\", \"parameters\": { \"no-route\": true, \"no-start\": true, \"memory\": \"256M\", \"tasks\": [{ \"name\": \"deploy\", \"memory\": \"256M\", \"command\": \"npm start\" }], \"dependency-type\": \"hard\" }, \"properties\" : { \"EXIT\": 1 }},\n    { \"name\": \"com.sap.xs.hdi-zdm\", \"parameters\": { \"zdm-mode\": true, \"no-route\": true, \"no-start\": true, \"memory\": \"256M\", \"tasks\": [{ \"name\": \"deploy\", \"memory\": \"256M\", \"command\": \"npm start\" }], \"dependency-type\": \"hard\" }, \"properties\" : { \"EXIT\": 1, \"HDI_DEPLOY_MODE\": \"ZDM\" }},\n    { \"name\": \"com.sap.portal.site-content\", \"parameters\": { \"no-route\": true, \"memory\": \"256M\", \"execute-app\": true, \"success-marker\": \"STDOUT:Deployment of site content to .* done.*\", \"failure-marker\": \"STDERR:Deployment of site content to .* failed.*\", \"stop-app\": true, \"check-deploy-id\": true, \"dependency-type\": \"hard\", \"health-check-type\": \"none\" }},\n    { \"name\": \"com.sap.portal.content\", \"parameters\": { \"no-route\": true, \"no-start\": true, \"memory\": \"256M\", \"tasks\": [{ \"name\": \"deploy\", \"memory\": \"256M\", \"command\": \"npm start\" }], \"dependency-type\": \"hard\" }, \"properties\" : { \"EXIT\": 1 }},\n    { \"name\": \"com.sap.xs.dwf\", \"parameters\": { \"no-route\": true, \"memory\": \"256M\", \"execute-app\": true, \"success-marker\": \"STDOUT:The deployment of DWF content to .* container finished successfully .*\", \"failure-marker\": \"STDERR:The deployment of DWF content to .* container failed .*\", \"stop-app\": true, \"check-deploy-id\": true, \"dependency-type\": \"hard\", \"health-check-type\": \"none\" }},\n    { \"name\": \"business-logging\", \"parameters\": { \"no-route\": true, \"memory\": \"256M\", \"execute-app\": true, \"success-marker\": \"STDOUT:Deployment of content deployer done.\", \"failure-marker\": \"STDERR:Deployment of content deployer failed.\", \"stop-app\": true, \"health-check-type\": \"none\" }},\n    { \"name\": \"com.sap.business-logging.content\", \"parameters\": { \"no-route\": true, \"no-start\": true, \"memory\": \"256M\", \"tasks\": [{ \"name\": \"deploy\", \"memory\": \"256M\", \"command\": \"npm start\" }], \"dependency-type\": \"hard\" }, \"properties\" : { \"EXIT\": 1 }},\n    { \"name\": \"com.sap.html5.application-content\", \"parameters\": { \"no-route\": true, \"memory\": \"256M\", \"execute-app\": true, \"success-marker\": \"STDOUT:Deployment of html5 application content done.*\", \"failure-marker\": \"STDERR:Deployment of html5 application content failed.*\", \"stop-app\": true, \"check-deploy-id\": true, \"dependency-type\": \"hard\", \"health-check-type\": \"none\" }}, \n    { \"name\": \"com.sap.html5.application.content\", \"parameters\": { \"no-route\": true, \"no-start\": true, \"memory\": \"256M\", \"tasks\": [{ \"name\": \"deploy\", \"memory\": \"256M\", \"command\": \"npm start\" }], \"dependency-type\": \"hard\" }, \"properties\" : { \"EXIT\": 1 }},\n    { \"name\": \"staticfile\", \"parameters\": { \"buildpack\": \"staticfile_buildpack\" }},\n    { \"name\": \"ruby\", \"parameters\": { \"buildpack\": \"ruby_buildpack\" }},\n    { \"name\": \"nodejs\", \"parameters\": { \"buildpack\": \"nodejs_buildpack\" }},\n    { \"name\": \"go\", \"parameters\": { \"buildpack\": \"go_buildpack\" }},\n    { \"name\": \"python\", \"parameters\": { \"buildpack\": \"python_buildpack\" }},\n    { \"name\": \"php\", \"parameters\": { \"buildpack\": \"php_buildpack\" }},\n    { \"name\": \"binary\", \"parameters\": { \"buildpack\": \"binary_buildpack\" }},\n    { \"name\": \"dotnet_core\", \"parameters\": { \"buildpack\": \"dotnet_core_buildpack\" }},\n    { \"name\": \"application\" },\n    { \"name\": \"com.sap.application.content\" },\n    { \"name\": \"com.sap.integration\" },\n    { \"name\": \"com.sap.api.management\" }\n  ],\n  \"resource-types\": [\n    { \"name\": \"com.sap.xs.hdi-container\", \"parameters\": { \"service\": \"hana\", \"service-plan\": \"hdi-shared\", \"type\": \"managed-service\" }},\n    { \"name\": \"com.sap.xs.hana-sbss\", \"parameters\": { \"service\": \"hana\", \"service-plan\": \"sbss\", \"type\": \"managed-service\" }},\n    { \"name\": \"com.sap.xs.hana-schema\", \"parameters\": { \"service\": \"hana\", \"service-plan\": \"schema\", \"type\": \"managed-service\" }},\n    { \"name\": \"com.sap.xs.hana-securestore\", \"parameters\": { \"service\": \"hana\", \"service-plan\": \"securestore\", \"type\": \"managed-service\" }},\n    { \"name\": \"com.sap.xs.managed-hdi-container\", \"parameters\": { \"service\": \"managed-hana\", \"service-plan\": \"hdi-shared\", \"type\": \"managed-service\" }},\n    { \"name\": \"com.sap.xs.managed-hana-schema\", \"parameters\": { \"service\": \"managed-hana\", \"service-plan\": \"schema\", \"type\": \"managed-service\" }},\n    { \"name\": \"com.sap.xs.managed-hana-securestore\", \"parameters\": { \"service\": \"managed-hana\", \"service-plan\": \"securestore\", \"type\": \"managed-service\" }},\n    { \"name\": \"com.sap.xs.job-scheduler\", \"parameters\": { \"service\": \"jobscheduler\", \"service-plan\": \"lite\", \"type\": \"managed-service\" }},\n    { \"name\": \"com.sap.xs.fs\", \"parameters\": { \"service\": \"fs-storage\", \"service-plan\": \"lite\", \"type\": \"managed-service\" }},\n    { \"name\": \"com.sap.xs.uaa\", \"parameters\": { \"service\": \"xsuaa\", \"service-plan\": \"application\", \"type\": \"managed-service\" }},\n    { \"name\": \"com.sap.xs.uaa-space\", \"parameters\": { \"service\": \"xsuaa\", \"service-plan\": \"application\", \"type\": \"managed-service\" }},\n    { \"name\": \"com.sap.xs.uaa-devuser\", \"parameters\": { \"service\": \"xsuaa\", \"service-plan\": \"application\", \"type\": \"managed-service\" }},\n    { \"name\": \"com.sap.xs.uaa-application\", \"parameters\": { \"service\": \"xsuaa\", \"service-plan\": \"application\", \"type\": \"managed-service\" }},\n    { \"name\": \"com.sap.xs.uaa-broker\", \"parameters\": { \"service\": \"xsuaa\", \"service-plan\": \"broker\", \"type\": \"managed-service\" }},\n    { \"name\": \"com.sap.xs.application-logs\", \"parameters\": { \"service\": \"application-logs\", \"service-plan\": \"lite\", \"skip-service-updates\": { \"parameters\": true, \"plan\": true }, \"type\": \"managed-service\" }},\n    { \"name\": \"com.sap.portal.site-host\", \"parameters\": { \"service\": \"portal-services\", \"service-plan\": \"site-host\", \"type\": \"managed-service\" }},\n    { \"name\": \"com.sap.portal.site-content\", \"parameters\": { \"service\": \"portal-services\", \"service-plan\": \"site-content\", \"type\": \"managed-service\" }},\n    { \"name\": \"com.sap.xs.dwf-edw-client\", \"parameters\": { \"service\": \"dwf\", \"service-plan\": \"edw-client\", \"type\": \"managed-service\"}},\n    { \"name\": \"com.sap.xs.auditlog\", \"parameters\": { \"service\": \"auditlog\", \"service-plan\": \"standard\", \"skip-service-updates\": { \"parameters\": true, \"plan\": true }, \"type\": \"managed-service\" }},\n    { \"name\": \"auditlog\", \"parameters\": { \"service\": \"auditlog\", \"service-plan\": \"standard\", \"skip-service-updates\": { \"parameters\": true, \"plan\": true }, \"type\": \"managed-service\" }},\n    { \"name\": \"org.mongodb\", \"parameters\": { \"service\": \"mongodb\", \"service-plan\": \"v3.0-dev\", \"type\": \"managed-service\" }},\n    { \"name\": \"mongodb\", \"parameters\": { \"service\": \"mongodb\", \"service-plan\": \"v3.0-dev\", \"type\": \"managed-service\" }},\n    { \"name\": \"org.postgresql\", \"parameters\": { \"service\": \"postgresql\", \"service-plan\": \"v9.4-dev\", \"type\": \"managed-service\" }},\n    { \"name\": \"postgresql\", \"parameters\": { \"service\": \"postgresql\", \"service-plan\": \"v9.4-dev\", \"type\": \"managed-service\" }},\n    { \"name\": \"com.rabbitmq\", \"parameters\": { \"service\": \"rabbitmq\", \"service-plan\": \"v3.6-dev\", \"type\": \"managed-service\" }},\n    { \"name\": \"rabbitmq\", \"parameters\": { \"service\": \"rabbitmq\", \"service-plan\": \"v3.6-dev\", \"type\": \"managed-service\" }},\n    { \"name\": \"io.redis\", \"parameters\": { \"service\": \"redis\", \"service-plan\": \"v3.0-dev\", \"type\": \"managed-service\" }},\n    { \"name\": \"redis\", \"parameters\": { \"service\": \"redis\", \"service-plan\": \"v3.0-dev\", \"type\": \"managed-service\" }},\n    { \"name\": \"com.influxdb\", \"parameters\": { \"service\": \"influxdb\", \"service-plan\": \"v0.13-container\", \"type\": \"managed-service\" }},\n    { \"name\": \"influxdb\", \"parameters\": { \"service\": \"influxdb\", \"service-plan\": \"v0.13-container\", \"type\": \"managed-service\" }},\n    { \"name\": \"org.cloudfoundry.user-provided-service\", \"parameters\": { \"type\": \"user-provided-service\" }},\n    { \"name\": \"org.cloudfoundry.managed-service\", \"parameters\": { \"type\": \"managed-service\" }},\n    { \"name\": \"org.cloudfoundry.existing-service\", \"parameters\": { \"type\": \"existing-service\" }},\n    { \"name\": \"org.cloudfoundry.existing-service-key\", \"parameters\": { \"type\": \"existing-service-key\" }},\n    { \"name\": \"mta-provided\", \"parameters\": { \"type\": \"mta-provides-dependency\" }},\n    { \"name\": \"configuration\", \"parameters\": { \"type\": \"configuration\" }},\n    { \"name\": \"autoscaler\", \"parameters\": { \"service\": \"autoscaler\", \"service-plan\": \"lite\", \"skip-service-updates\": { \"parameters\": true, \"plan\": true }, \"type\": \"managed-service\" }},\n    { \"name\": \"application-logs\", \"parameters\": { \"service\": \"application-logs\", \"service-plan\": \"lite\", \"skip-service-updates\": { \"parameters\": true, \"plan\": true }, \"type\": \"managed-service\" }},\n    { \"name\": \"connectivity\", \"parameters\": { \"service\": \"connectivity\", \"service-plan\": \"lite\", \"type\": \"managed-service\" }},\n    { \"name\": \"feature-flags\", \"parameters\": { \"service\": \"feature-flags\", \"service-plan\": \"lite\", \"type\": \"managed-service\" }},\n    { \"name\": \"metering\", \"parameters\": { \"service\": \"metering\", \"service-plan\": \"standard\", \"type\": \"managed-service\" }},\n    { \"name\": \"ml-foundation-services\", \"parameters\": { \"service\": \"ml-foundation-services\", \"service-plan\": \"lite\", \"type\": \"managed-service\" }},\n    { \"name\": \"objectstore\", \"parameters\": { \"service\": \"objectstore\", \"service-plan\": \"s3-standard\", \"type\": \"managed-service\" }},\n    { \"name\": \"destination\", \"parameters\": { \"service\": \"destination\", \"service-plan\": \"lite\", \"type\": \"managed-service\" }}\n  ]\n}\n",
  "SKIP_SSL_VALIDATION" : "false",
  "DB_TYPE" : "POSTGRESQL",
  "FLOWABLE_JOB_EXECUTOR_MAX_THREADS" : "32",
  "XS_TYPE" : "CF",
  "VERSION" : "1.121.3",
  "BASIC_AUTH_ENABLED" : "true",
  "FLOWABLE_JOB_EXECUTOR_QUEUE_CAPACITY" : "16",
  "GLOBAL_AUDITOR_USER" : "provisioned_user_xsa_deploy-serviceDSglobalAuditorUser",
  "FLOWABLE_JOB_EXECUTOR_CORE_THREADS" : "8"
}#

#2.0#2021 05 06 07:32:36.883#Z#DEBUG#com.sap.cloud.lm.sl.xs2.3adbbf76-ae3d-11eb-84c7-eeee0a8195a5.OPERATION.startEvent#
######org.cloudfoundry.multiapps.controller.persistence.services.ProcessLogger########http-nio-0.0.0.0-8080-exec-1###
[XS2StartProcessListener] Current user: ramesh@incture.com#

#2.0#2021 05 06 07:32:36.883#Z#DEBUG#com.sap.cloud.lm.sl.xs2.3adbbf76-ae3d-11eb-84c7-eeee0a8195a5.OPERATION.startEvent#
######org.cloudfoundry.multiapps.controller.persistence.services.ProcessLogger########http-nio-0.0.0.0-8080-exec-1###
[XS2StartProcessListener] Client space: Partner Life Cycle Management#

#2.0#2021 05 06 07:32:36.883#Z#DEBUG#com.sap.cloud.lm.sl.xs2.3adbbf76-ae3d-11eb-84c7-eeee0a8195a5.OPERATION.startEvent#
######org.cloudfoundry.multiapps.controller.persistence.services.ProcessLogger########http-nio-0.0.0.0-8080-exec-1###
[XS2StartProcessListener] Client organization: Jabil_Inc.#

#2.0#2021 05 06 07:32:36.883#Z#DEBUG#com.sap.cloud.lm.sl.xs2.3adbbf76-ae3d-11eb-84c7-eeee0a8195a5.OPERATION.startEvent#
######org.cloudfoundry.multiapps.controller.persistence.services.ProcessLogger########http-nio-0.0.0.0-8080-exec-1###
[XS2StartProcessListener] Process variables: {
  "abortOnError" : false,
  "mtaId" : "supplierOnboarding",
  "keepFiles" : false,
  "verifyArchiveSignature" : false,
  "noFailOnMissingPermissions" : false,
  "deleteServiceBrokers" : false,
  "appArchiveId" : "36ace3e9-7658-4d50-aba1-1a36d23780e1",
  "gitUri" : "",
  "deleteServiceKeys" : "********",
  "noRestartSubscribedApps" : false,
  "noStart" : false,
  "deleteServices" : false
}#

#2.0#2021 05 06 07:32:36.936#Z#DEBUG#com.sap.cloud.lm.sl.xs2.3adbbf76-ae3d-11eb-84c7-eeee0a8195a5.OPERATION.validateParametersTask#
######org.cloudfoundry.multiapps.controller.persistence.services.ProcessLogger########flowable-async-job-executor-thread-8569###
[ValidateDeployParametersStep] Executing task "validateParametersTask" of process "3adbbf96-ae3d-11eb-84c7-eeee0a8195a5"...#

#2.0#2021 05 06 07:32:36.936#Z#DEBUG#com.sap.cloud.lm.sl.xs2.3adbbf76-ae3d-11eb-84c7-eeee0a8195a5.OPERATION.validateParametersTask#
######org.cloudfoundry.multiapps.controller.persistence.services.ProcessLogger########flowable-async-job-executor-thread-8569###
[ValidateDeployParametersStep] Validating parameters...#

#2.0#2021 05 06 07:32:36.936#Z#INFO#com.sap.cloud.lm.sl.xs2.3adbbf76-ae3d-11eb-84c7-eeee0a8195a5.OPERATION.validateParametersTask#
######org.cloudfoundry.multiapps.controller.persistence.services.ProcessLogger########flowable-async-job-executor-thread-8569###
[ValidateDeployParametersStep] Deploying in org "Jabil_Inc." and space "Partner Life Cycle Management"#

#2.0#2021 05 06 07:32:36.942#Z#DEBUG#com.sap.cloud.lm.sl.xs2.3adbbf76-ae3d-11eb-84c7-eeee0a8195a5.OPERATION.validateParametersTask#
######org.cloudfoundry.multiapps.controller.persistence.services.ProcessLogger########flowable-async-job-executor-thread-8569###
[ValidateDeployParametersStep] Parameters validated#

#2.0#2021 05 06 07:32:36.943#Z#DEBUG#com.sap.cloud.lm.sl.xs2.3adbbf76-ae3d-11eb-84c7-eeee0a8195a5.OPERATION.validateParametersTask#
######org.cloudfoundry.multiapps.controller.persistence.services.ProcessLogger########flowable-async-job-executor-thread-8569###
Step "Validate Parameters" finished#

#2.0#2021 05 06 07:32:36.973#Z#DEBUG#com.sap.cloud.lm.sl.xs2.3adbbf76-ae3d-11eb-84c7-eeee0a8195a5.OPERATION.deleteRemainingFileParts#
######org.cloudfoundry.multiapps.controller.persistence.services.ProcessLogger########flowable-async-job-executor-thread-8570###
[DeleteRemainingFileParts] Executing task "deleteRemainingFileParts" of process "3adbbf96-ae3d-11eb-84c7-eeee0a8195a5"...#

#2.0#2021 05 06 07:32:36.975#Z#DEBUG#com.sap.cloud.lm.sl.xs2.3adbbf76-ae3d-11eb-84c7-eeee0a8195a5.OPERATION.deleteRemainingFileParts#
######org.cloudfoundry.multiapps.controller.persistence.services.ProcessLogger########flowable-async-job-executor-thread-8570###
Step "Delete Remaining File Parts" finished#

#2.0#2021 05 06 07:32:37.004#Z#DEBUG#com.sap.cloud.lm.sl.xs2.3adbbf76-ae3d-11eb-84c7-eeee0a8195a5.OPERATION.processArchiveTask#
######org.cloudfoundry.multiapps.controller.persistence.services.ProcessLogger########flowable-async-job-executor-thread-8571###
[XS2ProcessMtaArchiveStep] Executing task "processArchiveTask" of process "3adbbf96-ae3d-11eb-84c7-eeee0a8195a5"...#

#2.0#2021 05 06 07:32:37.005#Z#DEBUG#com.sap.cloud.lm.sl.xs2.3adbbf76-ae3d-11eb-84c7-eeee0a8195a5.OPERATION.processArchiveTask#
######org.cloudfoundry.multiapps.controller.persistence.services.ProcessLogger########flowable-async-job-executor-thread-8571###
[XS2ProcessMtaArchiveStep] Processing MTA archive...#

#2.0#2021 05 06 07:32:37.005#Z#DEBUG#com.sap.cloud.lm.sl.xs2.3adbbf76-ae3d-11eb-84c7-eeee0a8195a5.OPERATION.processArchiveTask#
######org.cloudfoundry.multiapps.controller.persistence.services.ProcessLogger########flowable-async-job-executor-thread-8571###
[XS2ProcessMtaArchiveStep] MTA Archive ID: 36ace3e9-7658-4d50-aba1-1a36d23780e1#

#2.0#2021 05 06 07:32:37.080#Z#DEBUG#com.sap.cloud.lm.sl.xs2.3adbbf76-ae3d-11eb-84c7-eeee0a8195a5.OPERATION.processArchiveTask#
######org.cloudfoundry.multiapps.controller.persistence.services.ProcessLogger########flowable-async-job-executor-thread-8571###
[XS2ProcessMtaArchiveStep] MTA Archive Modules: []#

#2.0#2021 05 06 07:32:37.081#Z#DEBUG#com.sap.cloud.lm.sl.xs2.3adbbf76-ae3d-11eb-84c7-eeee0a8195a5.OPERATION.processArchiveTask#
######org.cloudfoundry.multiapps.controller.persistence.services.ProcessLogger########flowable-async-job-executor-thread-8571###
[XS2ProcessMtaArchiveStep] MTA Archive Requires: []#

#2.0#2021 05 06 07:32:37.081#Z#DEBUG#com.sap.cloud.lm.sl.xs2.3adbbf76-ae3d-11eb-84c7-eeee0a8195a5.OPERATION.processArchiveTask#
######org.cloudfoundry.multiapps.controller.persistence.services.ProcessLogger########flowable-async-job-executor-thread-8571###
[XS2ProcessMtaArchiveStep] MTA Archive Resources: []#

#2.0#2021 05 06 07:32:37.091#Z#DEBUG#com.sap.cloud.lm.sl.xs2.3adbbf76-ae3d-11eb-84c7-eeee0a8195a5.OPERATION.processArchiveTask#
######org.cloudfoundry.multiapps.controller.persistence.services.ProcessLogger########flowable-async-job-executor-thread-8571###
[XS2ProcessMtaArchiveStep] MTA archive processed#

#2.0#2021 05 06 07:32:37.092#Z#DEBUG#com.sap.cloud.lm.sl.xs2.3adbbf76-ae3d-11eb-84c7-eeee0a8195a5.OPERATION.processArchiveTask#
######org.cloudfoundry.multiapps.controller.persistence.services.ProcessLogger########flowable-async-job-executor-thread-8571###
Step "Process Archive" finished#

#2.0#2021 05 06 07:32:37.127#Z#DEBUG#com.sap.cloud.lm.sl.xs2.3adbbf76-ae3d-11eb-84c7-eeee0a8195a5.OPERATION.processExtensionDescriptorsTask#
######org.cloudfoundry.multiapps.controller.persistence.services.ProcessLogger########flowable-async-job-executor-thread-8572###
[ProcessMtaExtensionDescriptorsStep] Executing task "processExtensionDescriptorsTask" of process "3adbbf96-ae3d-11eb-84c7-eeee0a8195a5"...#

#2.0#2021 05 06 07:32:37.128#Z#DEBUG#com.sap.cloud.lm.sl.xs2.3adbbf76-ae3d-11eb-84c7-eeee0a8195a5.OPERATION.processExtensionDescriptorsTask#
######org.cloudfoundry.multiapps.controller.persistence.services.ProcessLogger########flowable-async-job-executor-thread-8572###
[ProcessMtaExtensionDescriptorsStep] Processing MTA extension descriptors...#

#2.0#2021 05 06 07:32:37.128#Z#DEBUG#com.sap.cloud.lm.sl.xs2.3adbbf76-ae3d-11eb-84c7-eeee0a8195a5.OPERATION.processExtensionDescriptorsTask#
######org.cloudfoundry.multiapps.controller.persistence.services.ProcessLogger########flowable-async-job-executor-thread-8572###
[ProcessMtaExtensionDescriptorsStep] Extension descriptors: [ ]#

#2.0#2021 05 06 07:32:37.128#Z#DEBUG#com.sap.cloud.lm.sl.xs2.3adbbf76-ae3d-11eb-84c7-eeee0a8195a5.OPERATION.processExtensionDescriptorsTask#
######org.cloudfoundry.multiapps.controller.persistence.services.ProcessLogger########flowable-async-job-executor-thread-8572###
[ProcessMtaExtensionDescriptorsStep] MTA extension descriptors processed#

#2.0#2021 05 06 07:32:37.130#Z#DEBUG#com.sap.cloud.lm.sl.xs2.3adbbf76-ae3d-11eb-84c7-eeee0a8195a5.OPERATION.processExtensionDescriptorsTask#
######org.cloudfoundry.multiapps.controller.persistence.services.ProcessLogger########flowable-async-job-executor-thread-8572###
Step "Process Extension Descriptors" finished#

#2.0#2021 05 06 07:32:37.161#Z#DEBUG#com.sap.cloud.lm.sl.xs2.3adbbf76-ae3d-11eb-84c7-eeee0a8195a5.OPERATION.detectSchemaVersionTask#
######org.cloudfoundry.multiapps.controller.persistence.services.ProcessLogger########flowable-async-job-executor-thread-8573###
[DetectMtaSchemaVersionStep] Executing task "detectSchemaVersionTask" of process "3adbbf96-ae3d-11eb-84c7-eeee0a8195a5"...#

#2.0#2021 05 06 07:32:37.162#Z#DEBUG#com.sap.cloud.lm.sl.xs2.3adbbf76-ae3d-11eb-84c7-eeee0a8195a5.OPERATION.detectSchemaVersionTask#
######org.cloudfoundry.multiapps.controller.persistence.services.ProcessLogger########flowable-async-job-executor-thread-8573###
[DetectMtaSchemaVersionStep] Detecting MTA major schema version...#

#2.0#2021 05 06 07:32:37.163#Z#INFO#com.sap.cloud.lm.sl.xs2.3adbbf76-ae3d-11eb-84c7-eeee0a8195a5.OPERATION.detectSchemaVersionTask#
######org.cloudfoundry.multiapps.controller.persistence.services.ProcessLogger########flowable-async-job-executor-thread-8573###
[DetectMtaSchemaVersionStep] Detected MTA schema version: "3"#

#2.0#2021 05 06 07:32:37.169#Z#DEBUG#com.sap.cloud.lm.sl.xs2.3adbbf76-ae3d-11eb-84c7-eeee0a8195a5.OPERATION.detectSchemaVersionTask#
######org.cloudfoundry.multiapps.controller.persistence.services.ProcessLogger########flowable-async-job-executor-thread-8573###
Step "Detect Schema Version" finished#

#2.0#2021 05 06 07:32:37.201#Z#DEBUG#com.sap.cloud.lm.sl.xs2.3adbbf76-ae3d-11eb-84c7-eeee0a8195a5.OPERATION.mergeDescriptorsTask#
######org.cloudfoundry.multiapps.controller.persistence.services.ProcessLogger########flowable-async-job-executor-thread-8574###
[MergeDescriptorsStep] Executing task "mergeDescriptorsTask" of process "3adbbf96-ae3d-11eb-84c7-eeee0a8195a5"...#

#2.0#2021 05 06 07:32:37.203#Z#DEBUG#com.sap.cloud.lm.sl.xs2.3adbbf76-ae3d-11eb-84c7-eeee0a8195a5.OPERATION.mergeDescriptorsTask#
######org.cloudfoundry.multiapps.controller.persistence.services.ProcessLogger########flowable-async-job-executor-thread-8574###
[MergeDescriptorsStep] Validating and merging descriptors...#

#2.0#2021 05 06 07:32:37.204#Z#DEBUG#com.sap.cloud.lm.sl.xs2.3adbbf76-ae3d-11eb-84c7-eeee0a8195a5.OPERATION.mergeDescriptorsTask#
######org.cloudfoundry.multiapps.controller.persistence.services.ProcessLogger########flowable-async-job-executor-thread-8574###
[MergeDescriptorsStep] Merged deployment descriptor: {
  "majorSchemaVersion" : 3,
  "schemaVersion" : "3.2.0",
  "id" : "supplierOnboarding",
  "version" : "0.0.1",
  "modules" : [ ],
  "resources" : [ ],
  "parameters" : { },
  "parametersMetadata" : {
    "metadata" : { }
  }
}#

#2.0#2021 05 06 07:32:37.206#Z#DEBUG#com.sap.cloud.lm.sl.xs2.3adbbf76-ae3d-11eb-84c7-eeee0a8195a5.OPERATION.mergeDescriptorsTask#
######org.cloudfoundry.multiapps.controller.persistence.services.ProcessLogger########flowable-async-job-executor-thread-8574###
[MergeDescriptorsStep] Descriptors validated and merged#

#2.0#2021 05 06 07:32:37.207#Z#DEBUG#com.sap.cloud.lm.sl.xs2.3adbbf76-ae3d-11eb-84c7-eeee0a8195a5.OPERATION.mergeDescriptorsTask#
######org.cloudfoundry.multiapps.controller.persistence.services.ProcessLogger########flowable-async-job-executor-thread-8574###
Step "Merge Descriptors" finished#

#2.0#2021 05 06 07:32:37.237#Z#DEBUG#com.sap.cloud.lm.sl.xs2.3adbbf76-ae3d-11eb-84c7-eeee0a8195a5.OPERATION.detectDeployedMtaTask#
######org.cloudfoundry.multiapps.controller.persistence.services.ProcessLogger########flowable-async-job-executor-thread-8575###
[DetectDeployedMtaStep] Executing task "detectDeployedMtaTask" of process "3adbbf96-ae3d-11eb-84c7-eeee0a8195a5"...#

#2.0#2021 05 06 07:32:37.238#Z#DEBUG#com.sap.cloud.lm.sl.xs2.3adbbf76-ae3d-11eb-84c7-eeee0a8195a5.OPERATION.detectDeployedMtaTask#
######org.cloudfoundry.multiapps.controller.persistence.services.ProcessLogger########flowable-async-job-executor-thread-8575###
[DetectDeployedMtaStep] Detecting deployed MTA...#

#2.0#2021 05 06 07:32:37.566#Z#DEBUG#com.sap.cloud.lm.sl.xs2.3adbbf76-ae3d-11eb-84c7-eeee0a8195a5.OPERATION.detectDeployedMtaTask#
######org.cloudfoundry.multiapps.controller.persistence.services.ProcessLogger########flowable-async-job-executor-thread-8575###
[DetectDeployedMtaStep] Detecting MTA by id supplierOnboarding and namespace null#

#2.0#2021 05 06 07:32:37.566#Z#DEBUG#com.sap.cloud.lm.sl.xs2.3adbbf76-ae3d-11eb-84c7-eeee0a8195a5.OPERATION.detectDeployedMtaTask#
######org.cloudfoundry.multiapps.controller.persistence.services.ProcessLogger########flowable-async-job-executor-thread-8575###
[DetectDeployedMtaStep] Getting applications by metadata label selector "mta_id=e6fac397770a4507bb284de2cffc1966,!mta_namespace"...#

#2.0#2021 05 06 07:32:38.114#Z#DEBUG#com.sap.cloud.lm.sl.xs2.3adbbf76-ae3d-11eb-84c7-eeee0a8195a5.OPERATION.detectDeployedMtaTask#
######org.cloudfoundry.multiapps.controller.persistence.services.ProcessLogger########flowable-async-job-executor-thread-8575###
[DetectDeployedMtaStep] Getting service instances by metadata label selector "mta_id=e6fac397770a4507bb284de2cffc1966,!mta_namespace"...#

#2.0#2021 05 06 07:32:40.488#Z#DEBUG#com.sap.cloud.lm.sl.xs2.3adbbf76-ae3d-11eb-84c7-eeee0a8195a5.OPERATION.detectDeployedMtaTask#
######org.cloudfoundry.multiapps.controller.persistence.services.ProcessLogger########flowable-async-job-executor-thread-8575###
[DetectDeployedMtaStep] Deployed MTA: {
  "metadata" : {
    "id" : "supplierOnboarding",
    "version" : "0.0.1"
  },
  "applications" : [ {
    "name" : "supplieronboarding-approuter",
    "metadata" : {
      "guid" : "97f4a19c-c9e6-4475-b9b1-5fde8b22c169",
      "createdAt" : 1619019830000,
      "updatedAt" : 1619019890000
    },
    "v3Metadata" : {
      "annotations" : {
        "mta_id" : "supplierOnboarding",
        "mta_version" : "0.0.1",
        "mta_module" : "{\"name\":\"supplieronboarding-approuter\"}",
        "mta_module_provided_dependencies" : "[]",
        "mta_bound_services" : "[\"supplierOnboarding_html_repo_runtime\",\"supplierOnboarding-xsuaa-service\",\"dest_form\",\"connectivity_form\"]"
      },
      "labels" : {
        "mta_id" : "e6fac397770a4507bb284de2cffc1966"
      }
    },
    "memory" : 512,
    "diskQuota" : 512,
    "instances" : 1,
    "runningInstances" : 1,
    "state" : "STARTED",
    "staging" : {
      "isSshEnabled" : false,
      "buildpacks" : [ ],
      "detectedBuildpack" : "nodejs",
      "healthCheckType" : "port",
      "stack" : "cflinuxfs3"
    },
    "packageState" : "STAGED",
    "routes" : [ {
      "guid" : "aa37a886-17da-4645-9bd4-1daa6356b5e9",
      "domain" : "cfapps.us10.hana.ondemand.com",
      "domainGuid" : "60e8ce32-aa5c-4497-96d7-134d814cedfa",
      "host" : "jabil-inc--partner-life-cycle-management-supplieronboar3f57b9da",
      "path" : ""
    } ],
    "services" : [ "plcm_destination", "plcm_connectivity" ],
    "env" : {
      "DEPLOY_ATTRIBUTES" : "{\n  \"app-content-digest\" : \"C08C13D778E9CC75626DA5CD3498B947\"\n}"
    },
    "space" : {
      "name" : "Partner Life Cycle Management",
      "metadata" : {
        "guid" : "33f98d15-7bda-4cd9-8247-5619493fd9cf",
        "createdAt" : 1618102944000,
        "updatedAt" : 1618102944000,
        "url" : "/v2/spaces/33f98d15-7bda-4cd9-8247-5619493fd9cf"
      },
      "organization" : {
        "name" : "Jabil_Inc.",
        "metadata" : {
          "guid" : "81bb53e4-7f69-4f4e-968a-f3aeeda81a3d",
          "createdAt" : 1592483837000,
          "updatedAt" : 1592483837000,
          "url" : "/v2/organizations/81bb53e4-7f69-4f4e-968a-f3aeeda81a3d"
        }
      }
    },
    "moduleName" : "supplieronboarding-approuter",
    "boundMtaServices" : [ "supplierOnboarding_html_repo_runtime", "supplierOnboarding-xsuaa-service", "dest_form", "connectivity_form" ],
    "providedDependencyNames" : [ ],
    "productizationState" : "LIVE"
  } ],
  "services" : [ {
    "name" : "plcm_destination",
    "metadata" : {
      "guid" : "ad5c7613-a79d-46aa-a5d5-ece2a1498984",
      "createdAt" : 1619018635000,
      "updatedAt" : 1619588932000,
      "url" : "/v2/service_instances/ad5c7613-a79d-46aa-a5d5-ece2a1498984"
    },
    "v3Metadata" : {
      "annotations" : {
        "mta_id" : "supplierOnboarding",
        "mta_version" : "0.0.1",
        "mta_resource" : "{\"name\":\"dest_form\"}"
      },
      "labels" : {
        "mta_id" : "e6fac397770a4507bb284de2cffc1966"
      }
    },
    "label" : "destination",
    "plan" : "lite",
    "credentials" : "********",
    "tags" : [ ],
    "type" : "managed_service_instance",
    "lastOperation" : {
      "type" : "UPDATE",
      "state" : "SUCCEEDED"
    },
    "resourceName" : "dest_form"
  }, {
    "name" : "plcm_connectivity",
    "metadata" : {
      "guid" : "4c21234c-169a-4df3-afb4-c041e1585b0c",
      "createdAt" : 1619018635000,
      "updatedAt" : 1619588906000,
      "url" : "/v2/service_instances/4c21234c-169a-4df3-afb4-c041e1585b0c"
    },
    "v3Metadata" : {
      "annotations" : {
        "mta_id" : "supplierOnboarding",
        "mta_version" : "0.0.1",
        "mta_resource" : "{\"name\":\"connectivity_form\"}"
      },
      "labels" : {
        "mta_id" : "e6fac397770a4507bb284de2cffc1966"
      }
    },
    "label" : "connectivity",
    "plan" : "lite",
    "credentials" : "********",
    "tags" : [ ],
    "type" : "managed_service_instance",
    "lastOperation" : {
      "type" : "UPDATE",
      "state" : "SUCCEEDED"
    },
    "resourceName" : "connectivity_form"
  }, {
    "name" : "supplierOnboarding-xsuaa-service",
    "metadata" : {
      "guid" : "3711baa3-9cd3-43c4-abb3-bf55ddb50dde",
      "createdAt" : 1619019479000,
      "updatedAt" : 1619019479000,
      "url" : "/v2/service_instances/3711baa3-9cd3-43c4-abb3-bf55ddb50dde"
    },
    "v3Metadata" : {
      "annotations" : {
        "mta_id" : "supplierOnboarding",
        "mta_version" : "0.0.1",
        "mta_resource" : "{\"name\":\"uaa_supplierOnboarding\"}"
      },
      "labels" : {
        "mta_id" : "e6fac397770a4507bb284de2cffc1966"
      }
    },
    "label" : "xsuaa",
    "plan" : "application",
    "credentials" : "********",
    "tags" : [ ],
    "type" : "managed_service_instance",
    "lastOperation" : {
      "type" : "UPDATE",
      "description" : "",
      "state" : "SUCCEEDED"
    },
    "resourceName" : "uaa_supplierOnboarding"
  }, {
    "name" : "supplierOnboarding_html_repo_host",
    "metadata" : {
      "guid" : "f16c86d4-dd5b-473e-b96d-898b56d6aef7",
      "createdAt" : 1619018632000,
      "updatedAt" : 1619018632000,
      "url" : "/v2/service_instances/f16c86d4-dd5b-473e-b96d-898b56d6aef7"
    },
    "v3Metadata" : {
      "annotations" : {
        "mta_resource" : "{\"name\":\"supplierOnboarding_html_repo_host\"}",
        "mta_id" : "supplierOnboarding",
        "mta_version" : "0.0.1"
      },
      "labels" : {
        "mta_id" : "e6fac397770a4507bb284de2cffc1966"
      }
    },
    "label" : "html5-apps-repo",
    "plan" : "app-host",
    "credentials" : "********",
    "tags" : [ ],
    "type" : "managed_service_instance",
    "lastOperation" : {
      "type" : "CREATE",
      "description" : "",
      "state" : "SUCCEEDED"
    },
    "resourceName" : "supplierOnboarding_html_repo_host"
  }, {
    "name" : "supplierOnboarding_html_repo_runtime",
    "credentials" : "********",
    "tags" : [ ]
  }, {
    "name" : "dest_form",
    "credentials" : "********",
    "tags" : [ ]
  }, {
    "name" : "connectivity_form",
    "credentials" : "********",
    "tags" : [ ]
  } ]
}#

#2.0#2021 05 06 07:32:40.488#Z#INFO#com.sap.cloud.lm.sl.xs2.3adbbf76-ae3d-11eb-84c7-eeee0a8195a5.OPERATION.detectDeployedMtaTask#
######org.cloudfoundry.multiapps.controller.persistence.services.ProcessLogger########flowable-async-job-executor-thread-8575###
[DetectDeployedMtaStep] Detected deployed MTA with namespace "null", ID "supplierOnboarding" and version "0.0.1"#

#2.0#2021 05 06 07:32:40.494#Z#DEBUG#com.sap.cloud.lm.sl.xs2.3adbbf76-ae3d-11eb-84c7-eeee0a8195a5.OPERATION.detectDeployedMtaTask#
######org.cloudfoundry.multiapps.controller.persistence.services.ProcessLogger########flowable-async-job-executor-thread-8575###
Step "Detect Deployed MTA" finished#

#2.0#2021 05 06 07:32:40.528#Z#DEBUG#com.sap.cloud.lm.sl.xs2.3adbbf76-ae3d-11eb-84c7-eeee0a8195a5.OPERATION.collectSystemParametersTask#
######org.cloudfoundry.multiapps.controller.persistence.services.ProcessLogger########flowable-async-job-executor-thread-8576###
[CollectSystemParametersStep] Executing task "collectSystemParametersTask" of process "3adbbf96-ae3d-11eb-84c7-eeee0a8195a5"...#

#2.0#2021 05 06 07:32:40.529#Z#DEBUG#com.sap.cloud.lm.sl.xs2.3adbbf76-ae3d-11eb-84c7-eeee0a8195a5.OPERATION.collectSystemParametersTask#
######org.cloudfoundry.multiapps.controller.persistence.services.ProcessLogger########flowable-async-job-executor-thread-8576###
[CollectSystemParametersStep] Collecting system parameters...#

#2.0#2021 05 06 07:32:40.529#Z#DEBUG#com.sap.cloud.lm.sl.xs2.3adbbf76-ae3d-11eb-84c7-eeee0a8195a5.OPERATION.collectSystemParametersTask#
######org.cloudfoundry.multiapps.controller.persistence.services.ProcessLogger########flowable-async-job-executor-thread-8576###
[CollectSystemParametersStep] Getting default domain...#

#2.0#2021 05 06 07:32:40.678#Z#DEBUG#com.sap.cloud.lm.sl.xs2.3adbbf76-ae3d-11eb-84c7-eeee0a8195a5.OPERATION.collectSystemParametersTask#
######org.cloudfoundry.multiapps.controller.persistence.services.ProcessLogger########flowable-async-job-executor-thread-8576###
[CollectSystemParametersStep] Default domain: cfapps.us10.hana.ondemand.com#

#2.0#2021 05 06 07:32:40.678#Z#DEBUG#com.sap.cloud.lm.sl.xs2.3adbbf76-ae3d-11eb-84c7-eeee0a8195a5.OPERATION.collectSystemParametersTask#
######org.cloudfoundry.multiapps.controller.persistence.services.ProcessLogger########flowable-async-job-executor-thread-8576###
[CollectSystemParametersStep] Checking for overwriting read-only parameters for mta with id: "supplierOnboarding"#

#2.0#2021 05 06 07:32:40.678#Z#DEBUG#com.sap.cloud.lm.sl.xs2.3adbbf76-ae3d-11eb-84c7-eeee0a8195a5.OPERATION.collectSystemParametersTask#
######org.cloudfoundry.multiapps.controller.persistence.services.ProcessLogger########flowable-async-job-executor-thread-8576###
[CollectSystemParametersStep] No read-only parameters are overwritten#

#2.0#2021 05 06 07:32:40.857#Z#DEBUG#com.sap.cloud.lm.sl.xs2.3adbbf76-ae3d-11eb-84c7-eeee0a8195a5.OPERATION.collectSystemParametersTask#
######org.cloudfoundry.multiapps.controller.persistence.services.ProcessLogger########flowable-async-job-executor-thread-8576###
[CollectSystemParametersStep] Descriptor with system parameters: {
  "majorSchemaVersion" : 3,
  "schemaVersion" : "3.2.0",
  "id" : "supplierOnboarding",
  "version" : "0.0.1",
  "modules" : [ ],
  "resources" : [ ],
  "parameters" : {
    "authorization-url" : "********",
    "org-guid" : "81bb53e4-7f69-4f4e-968a-f3aeeda81a3d",
    "org" : "Jabil_Inc.",
    "deploy-target" : "Jabil_Inc. Partner Life Cycle Management",
    "space" : "Partner Life Cycle Management",
    "xs-api-url" : "https://api.cf.us10.hana.ondemand.com",
    "deploy-url" : "deploy-service.cfapps.us10.hana.ondemand.com",
    "xs-type" : "CF",
    "default-domain" : "cfapps.us10.hana.ondemand.com",
    "xs-auth-url" : "********",
    "space-guid" : "33f98d15-7bda-4cd9-8247-5619493fd9cf",
    "user" : "********",
    "controller-url" : "https://api.cf.us10.hana.ondemand.com"
  },
  "parametersMetadata" : {
    "metadata" : { }
  }
}#

#2.0#2021 05 06 07:32:40.859#Z#DEBUG#com.sap.cloud.lm.sl.xs2.3adbbf76-ae3d-11eb-84c7-eeee0a8195a5.OPERATION.collectSystemParametersTask#
######org.cloudfoundry.multiapps.controller.persistence.services.ProcessLogger########flowable-async-job-executor-thread-8576###
[CollectSystemParametersStep] Version rule: SAME_HIGHER#

#2.0#2021 05 06 07:32:40.860#Z#INFO#com.sap.cloud.lm.sl.xs2.3adbbf76-ae3d-11eb-84c7-eeee0a8195a5.OPERATION.collectSystemParametersTask#
######org.cloudfoundry.multiapps.controller.persistence.services.ProcessLogger########flowable-async-job-executor-thread-8576###
[CollectSystemParametersStep] Detected new MTA version: "0.0.1"#

#2.0#2021 05 06 07:32:40.864#Z#INFO#com.sap.cloud.lm.sl.xs2.3adbbf76-ae3d-11eb-84c7-eeee0a8195a5.OPERATION.collectSystemParametersTask#
######org.cloudfoundry.multiapps.controller.persistence.services.ProcessLogger########flowable-async-job-executor-thread-8576###
[CollectSystemParametersStep] Deployed MTA version: "0.0.1"#

#2.0#2021 05 06 07:32:40.868#Z#DEBUG#com.sap.cloud.lm.sl.xs2.3adbbf76-ae3d-11eb-84c7-eeee0a8195a5.OPERATION.collectSystemParametersTask#
######org.cloudfoundry.multiapps.controller.persistence.services.ProcessLogger########flowable-async-job-executor-thread-8576###
[CollectSystemParametersStep] MTA accepted for deployment#

#2.0#2021 05 06 07:32:40.868#Z#DEBUG#com.sap.cloud.lm.sl.xs2.3adbbf76-ae3d-11eb-84c7-eeee0a8195a5.OPERATION.collectSystemParametersTask#
######org.cloudfoundry.multiapps.controller.persistence.services.ProcessLogger########flowable-async-job-executor-thread-8576###
[CollectSystemParametersStep] System parameters collected#

#2.0#2021 05 06 07:32:40.869#Z#DEBUG#com.sap.cloud.lm.sl.xs2.3adbbf76-ae3d-11eb-84c7-eeee0a8195a5.OPERATION.collectSystemParametersTask#
######org.cloudfoundry.multiapps.controller.persistence.services.ProcessLogger########flowable-async-job-executor-thread-8576###
Step "Collect System Parameters" finished#

#2.0#2021 05 06 07:32:40.903#Z#DEBUG#com.sap.cloud.lm.sl.xs2.3adbbf76-ae3d-11eb-84c7-eeee0a8195a5.OPERATION.processDescriptorTask#
######org.cloudfoundry.multiapps.controller.persistence.services.ProcessLogger########flowable-async-job-executor-thread-8569###
[ProcessDescriptorStep] Executing task "processDescriptorTask" of process "3adbbf96-ae3d-11eb-84c7-eeee0a8195a5"...#

#2.0#2021 05 06 07:32:40.904#Z#DEBUG#com.sap.cloud.lm.sl.xs2.3adbbf76-ae3d-11eb-84c7-eeee0a8195a5.OPERATION.processDescriptorTask#
######org.cloudfoundry.multiapps.controller.persistence.services.ProcessLogger########flowable-async-job-executor-thread-8569###
[ProcessDescriptorStep] Resolving properties and parameters in merged descriptor...#

#2.0#2021 05 06 07:32:40.905#Z#DEBUG#com.sap.cloud.lm.sl.xs2.3adbbf76-ae3d-11eb-84c7-eeee0a8195a5.OPERATION.processDescriptorTask#
######org.cloudfoundry.multiapps.controller.persistence.services.ProcessLogger########flowable-async-job-executor-thread-8569###
[ProcessDescriptorStep] Subscriptions: [ ]#

#2.0#2021 05 06 07:32:40.905#Z#DEBUG#com.sap.cloud.lm.sl.xs2.3adbbf76-ae3d-11eb-84c7-eeee0a8195a5.OPERATION.processDescriptorTask#
######org.cloudfoundry.multiapps.controller.persistence.services.ProcessLogger########flowable-async-job-executor-thread-8569###
[ProcessDescriptorStep] MTA Modules: []#

#2.0#2021 05 06 07:32:40.905#Z#DEBUG#com.sap.cloud.lm.sl.xs2.3adbbf76-ae3d-11eb-84c7-eeee0a8195a5.OPERATION.processDescriptorTask#
######org.cloudfoundry.multiapps.controller.persistence.services.ProcessLogger########flowable-async-job-executor-thread-8569###
[ProcessDescriptorStep] Resolved deployment descriptor: {
  "majorSchemaVersion" : 3,
  "schemaVersion" : "3.2.0",
  "id" : "supplierOnboarding",
  "version" : "0.0.1",
  "modules" : [ ],
  "resources" : [ ],
  "parameters" : {
    "authorization-url" : "********",
    "org-guid" : "81bb53e4-7f69-4f4e-968a-f3aeeda81a3d",
    "org" : "Jabil_Inc.",
    "deploy-target" : "Jabil_Inc. Partner Life Cycle Management",
    "space" : "Partner Life Cycle Management",
    "xs-api-url" : "https://api.cf.us10.hana.ondemand.com",
    "deploy-url" : "deploy-service.cfapps.us10.hana.ondemand.com",
    "xs-type" : "CF",
    "default-domain" : "cfapps.us10.hana.ondemand.com",
    "xs-auth-url" : "********",
    "space-guid" : "33f98d15-7bda-4cd9-8247-5619493fd9cf",
    "user" : "********",
    "controller-url" : "https://api.cf.us10.hana.ondemand.com"
  },
  "parametersMetadata" : {
    "metadata" : { }
  }
}#

#2.0#2021 05 06 07:32:40.906#Z#DEBUG#com.sap.cloud.lm.sl.xs2.3adbbf76-ae3d-11eb-84c7-eeee0a8195a5.OPERATION.processDescriptorTask#
######org.cloudfoundry.multiapps.controller.persistence.services.ProcessLogger########flowable-async-job-executor-thread-8569###
[ProcessDescriptorStep] Merged descriptor properties and parameters resolved#

#2.0#2021 05 06 07:32:40.907#Z#DEBUG#com.sap.cloud.lm.sl.xs2.3adbbf76-ae3d-11eb-84c7-eeee0a8195a5.OPERATION.processDescriptorTask#
######org.cloudfoundry.multiapps.controller.persistence.services.ProcessLogger########flowable-async-job-executor-thread-8569###
Step "Process Descriptor Step" finished#

#2.0#2021 05 06 07:32:40.942#Z#DEBUG#com.sap.cloud.lm.sl.xs2.3adbbf76-ae3d-11eb-84c7-eeee0a8195a5.OPERATION.buildDeployModelTask#
######org.cloudfoundry.multiapps.controller.persistence.services.ProcessLogger########flowable-async-job-executor-thread-8570###
[BuildCloudDeployModelStep] Executing task "buildDeployModelTask" of process "3adbbf96-ae3d-11eb-84c7-eeee0a8195a5"...#

#2.0#2021 05 06 07:32:40.943#Z#DEBUG#com.sap.cloud.lm.sl.xs2.3adbbf76-ae3d-11eb-84c7-eeee0a8195a5.OPERATION.buildDeployModelTask#
######org.cloudfoundry.multiapps.controller.persistence.services.ProcessLogger########flowable-async-job-executor-thread-8570###
[BuildCloudDeployModelStep] Building cloud deployment model...#

#2.0#2021 05 06 07:32:40.946#Z#DEBUG#com.sap.cloud.lm.sl.xs2.3adbbf76-ae3d-11eb-84c7-eeee0a8195a5.OPERATION.buildDeployModelTask#
######org.cloudfoundry.multiapps.controller.persistence.services.ProcessLogger########flowable-async-job-executor-thread-8570###
[BuildCloudDeployModelStep] MTA archive modules: []#

#2.0#2021 05 06 07:32:40.946#Z#DEBUG#com.sap.cloud.lm.sl.xs2.3adbbf76-ae3d-11eb-84c7-eeee0a8195a5.OPERATION.buildDeployModelTask#
######org.cloudfoundry.multiapps.controller.persistence.services.ProcessLogger########flowable-async-job-executor-thread-8570###
[BuildCloudDeployModelStep] Deployed modules: [supplieronboarding-approuter]#

#2.0#2021 05 06 07:32:40.947#Z#DEBUG#com.sap.cloud.lm.sl.xs2.3adbbf76-ae3d-11eb-84c7-eeee0a8195a5.OPERATION.buildDeployModelTask#
######org.cloudfoundry.multiapps.controller.persistence.services.ProcessLogger########flowable-async-job-executor-thread-8570###
[BuildCloudDeployModelStep] MTA modules: []#

#2.0#2021 05 06 07:32:40.947#Z#DEBUG#com.sap.cloud.lm.sl.xs2.3adbbf76-ae3d-11eb-84c7-eeee0a8195a5.OPERATION.buildDeployModelTask#
######org.cloudfoundry.multiapps.controller.persistence.services.ProcessLogger########flowable-async-job-executor-thread-8570###
[BuildCloudDeployModelStep] Service keys to create: { }#

#2.0#2021 05 06 07:32:40.947#Z#DEBUG#com.sap.cloud.lm.sl.xs2.3adbbf76-ae3d-11eb-84c7-eeee0a8195a5.OPERATION.buildDeployModelTask#
######org.cloudfoundry.multiapps.controller.persistence.services.ProcessLogger########flowable-async-job-executor-thread-8570###
[BuildCloudDeployModelStep] Modules to deploy: []#

#2.0#2021 05 06 07:32:40.948#Z#DEBUG#com.sap.cloud.lm.sl.xs2.3adbbf76-ae3d-11eb-84c7-eeee0a8195a5.OPERATION.buildDeployModelTask#
######org.cloudfoundry.multiapps.controller.persistence.services.ProcessLogger########flowable-async-job-executor-thread-8570###
[BuildCloudDeployModelStep] Custom domains: []#

#2.0#2021 05 06 07:32:40.949#Z#DEBUG#com.sap.cloud.lm.sl.xs2.3adbbf76-ae3d-11eb-84c7-eeee0a8195a5.OPERATION.buildDeployModelTask#
######org.cloudfoundry.multiapps.controller.persistence.services.ProcessLogger########flowable-async-job-executor-thread-8570###
[BuildCloudDeployModelStep] Services to create: [ ]#

#2.0#2021 05 06 07:32:40.949#Z#DEBUG#com.sap.cloud.lm.sl.xs2.3adbbf76-ae3d-11eb-84c7-eeee0a8195a5.OPERATION.buildDeployModelTask#
######org.cloudfoundry.multiapps.controller.persistence.services.ProcessLogger########flowable-async-job-executor-thread-8570###
[BuildCloudDeployModelStep] Cloud deployment model built#

#2.0#2021 05 06 07:32:40.951#Z#DEBUG#com.sap.cloud.lm.sl.xs2.3adbbf76-ae3d-11eb-84c7-eeee0a8195a5.OPERATION.buildDeployModelTask#
######org.cloudfoundry.multiapps.controller.persistence.services.ProcessLogger########flowable-async-job-executor-thread-8570###
Step "Build Deploy Model" finished#

#2.0#2021 05 06 07:32:40.989#Z#DEBUG#com.sap.cloud.lm.sl.xs2.3adbbf76-ae3d-11eb-84c7-eeee0a8195a5.OPERATION.buildUndeployModelTask#
######org.cloudfoundry.multiapps.controller.persistence.services.ProcessLogger########flowable-async-job-executor-thread-8571###
[BuildCloudUndeployModelStep] Executing task "buildUndeployModelTask" of process "3adbbf96-ae3d-11eb-84c7-eeee0a8195a5"...#

#2.0#2021 05 06 07:32:40.990#Z#DEBUG#com.sap.cloud.lm.sl.xs2.3adbbf76-ae3d-11eb-84c7-eeee0a8195a5.OPERATION.buildUndeployModelTask#
######org.cloudfoundry.multiapps.controller.persistence.services.ProcessLogger########flowable-async-job-executor-thread-8571###
[BuildCloudUndeployModelStep] Building cloud undeployment model...#

#2.0#2021 05 06 07:32:40.996#Z#DEBUG#com.sap.cloud.lm.sl.xs2.3adbbf76-ae3d-11eb-84c7-eeee0a8195a5.OPERATION.buildUndeployModelTask#
######org.cloudfoundry.multiapps.controller.persistence.services.ProcessLogger########flowable-async-job-executor-thread-8571###
[BuildCloudUndeployModelStep] MTA modules: []#

#2.0#2021 05 06 07:32:40.996#Z#DEBUG#com.sap.cloud.lm.sl.xs2.3adbbf76-ae3d-11eb-84c7-eeee0a8195a5.OPERATION.buildUndeployModelTask#
######org.cloudfoundry.multiapps.controller.persistence.services.ProcessLogger########flowable-async-job-executor-thread-8571###
[BuildCloudUndeployModelStep] Modules to undeploy: [ {
  "name" : "supplieronboarding-approuter",
  "metadata" : {
    "guid" : "97f4a19c-c9e6-4475-b9b1-5fde8b22c169",
    "createdAt" : 1619019830000,
    "updatedAt" : 1619019890000
  },
  "v3Metadata" : {
    "annotations" : {
      "mta_id" : "supplierOnboarding",
      "mta_version" : "0.0.1",
      "mta_module" : "{\"name\":\"supplieronboarding-approuter\"}",
      "mta_module_provided_dependencies" : "[]",
      "mta_bound_services" : "[\"supplierOnboarding_html_repo_runtime\",\"supplierOnboarding-xsuaa-service\",\"dest_form\",\"connectivity_form\"]"
    },
    "labels" : {
      "mta_id" : "e6fac397770a4507bb284de2cffc1966"
    }
  },
  "memory" : 512,
  "diskQuota" : 512,
  "instances" : 1,
  "runningInstances" : 1,
  "state" : "STARTED",
  "staging" : {
    "isSshEnabled" : false,
    "buildpacks" : [ ],
    "detectedBuildpack" : "nodejs",
    "healthCheckType" : "port",
    "stack" : "cflinuxfs3"
  },
  "packageState" : "STAGED",
  "routes" : [ {
    "guid" : "aa37a886-17da-4645-9bd4-1daa6356b5e9",
    "domain" : "cfapps.us10.hana.ondemand.com",
    "domainGuid" : "60e8ce32-aa5c-4497-96d7-134d814cedfa",
    "host" : "jabil-inc--partner-life-cycle-management-supplieronboar3f57b9da",
    "path" : ""
  } ],
  "services" : [ "plcm_destination", "plcm_connectivity" ],
  "env" : {
    "DEPLOY_ATTRIBUTES" : "{\n  \"app-content-digest\" : \"C08C13D778E9CC75626DA5CD3498B947\"\n}"
  },
  "space" : {
    "name" : "Partner Life Cycle Management",
    "metadata" : {
      "guid" : "33f98d15-7bda-4cd9-8247-5619493fd9cf",
      "createdAt" : 1618102944000,
      "updatedAt" : 1618102944000,
      "url" : "/v2/spaces/33f98d15-7bda-4cd9-8247-5619493fd9cf"
    },
    "organization" : {
      "name" : "Jabil_Inc.",
      "metadata" : {
        "guid" : "81bb53e4-7f69-4f4e-968a-f3aeeda81a3d",
        "createdAt" : 1592483837000,
        "updatedAt" : 1592483837000,
        "url" : "/v2/organizations/81bb53e4-7f69-4f4e-968a-f3aeeda81a3d"
      }
    }
  },
  "moduleName" : "supplieronboarding-approuter",
  "boundMtaServices" : [ "supplierOnboarding_html_repo_runtime", "supplierOnboarding-xsuaa-service", "dest_form", "connectivity_form" ],
  "providedDependencyNames" : [ ],
  "productizationState" : "LIVE"
} ]#

#2.0#2021 05 06 07:32:40.996#Z#DEBUG#com.sap.cloud.lm.sl.xs2.3adbbf76-ae3d-11eb-84c7-eeee0a8195a5.OPERATION.buildUndeployModelTask#
######org.cloudfoundry.multiapps.controller.persistence.services.ProcessLogger########flowable-async-job-executor-thread-8571###
[BuildCloudUndeployModelStep] Modules that wont be changed: {0}#

#2.0#2021 05 06 07:32:40.998#Z#DEBUG#com.sap.cloud.lm.sl.xs2.3adbbf76-ae3d-11eb-84c7-eeee0a8195a5.OPERATION.buildUndeployModelTask#
######org.cloudfoundry.multiapps.controller.persistence.services.ProcessLogger########flowable-async-job-executor-thread-8571###
[BuildCloudUndeployModelStep] Subscriptions to delete: [ ]#

#2.0#2021 05 06 07:32:40.999#Z#DEBUG#com.sap.cloud.lm.sl.xs2.3adbbf76-ae3d-11eb-84c7-eeee0a8195a5.OPERATION.buildUndeployModelTask#
######org.cloudfoundry.multiapps.controller.persistence.services.ProcessLogger########flowable-async-job-executor-thread-8571###
[BuildCloudUndeployModelStep] Cloud services to delete: [connectivity_form, dest_form, plcm_connectivity, plcm_destination, supplierOnboarding-xsuaa-service, supplierOnboarding_html_repo_host, supplierOnboarding_html_repo_runtime]#

#2.0#2021 05 06 07:32:41.000#Z#DEBUG#com.sap.cloud.lm.sl.xs2.3adbbf76-ae3d-11eb-84c7-eeee0a8195a5.OPERATION.buildUndeployModelTask#
######org.cloudfoundry.multiapps.controller.persistence.services.ProcessLogger########flowable-async-job-executor-thread-8571###
[BuildCloudUndeployModelStep] Getting application "supplieronboarding-approuter"...#

#2.0#2021 05 06 07:32:41.550#Z#DEBUG#com.sap.cloud.lm.sl.xs2.3adbbf76-ae3d-11eb-84c7-eeee0a8195a5.OPERATION.buildUndeployModelTask#
######org.cloudfoundry.multiapps.controller.persistence.services.ProcessLogger########flowable-async-job-executor-thread-8571###
[BuildCloudUndeployModelStep] Cloud applications to undeploy: [ {
  "name" : "supplieronboarding-approuter",
  "metadata" : {
    "guid" : "97f4a19c-c9e6-4475-b9b1-5fde8b22c169",
    "createdAt" : 1619019830000,
    "updatedAt" : 1619019890000
  },
  "v3Metadata" : {
    "annotations" : {
      "mta_id" : "supplierOnboarding",
      "mta_version" : "0.0.1",
      "mta_module" : "{\"name\":\"supplieronboarding-approuter\"}",
      "mta_module_provided_dependencies" : "[]",
      "mta_bound_services" : "[\"supplierOnboarding_html_repo_runtime\",\"supplierOnboarding-xsuaa-service\",\"dest_form\",\"connectivity_form\"]"
    },
    "labels" : {
      "mta_id" : "e6fac397770a4507bb284de2cffc1966"
    }
  },
  "memory" : 512,
  "diskQuota" : 512,
  "instances" : 1,
  "runningInstances" : 1,
  "state" : "STARTED",
  "staging" : {
    "isSshEnabled" : false,
    "buildpacks" : [ ],
    "detectedBuildpack" : "nodejs",
    "healthCheckType" : "port",
    "stack" : "cflinuxfs3"
  },
  "packageState" : "STAGED",
  "routes" : [ {
    "guid" : "aa37a886-17da-4645-9bd4-1daa6356b5e9",
    "domain" : "cfapps.us10.hana.ondemand.com",
    "domainGuid" : "60e8ce32-aa5c-4497-96d7-134d814cedfa",
    "host" : "jabil-inc--partner-life-cycle-management-supplieronboar3f57b9da",
    "path" : ""
  } ],
  "services" : [ "plcm_destination", "plcm_connectivity" ],
  "env" : {
    "DEPLOY_ATTRIBUTES" : "{\n  \"app-content-digest\" : \"C08C13D778E9CC75626DA5CD3498B947\"\n}"
  },
  "space" : {
    "name" : "Partner Life Cycle Management",
    "metadata" : {
      "guid" : "33f98d15-7bda-4cd9-8247-5619493fd9cf",
      "createdAt" : 1618102944000,
      "updatedAt" : 1618102944000,
      "url" : "/v2/spaces/33f98d15-7bda-4cd9-8247-5619493fd9cf"
    },
    "organization" : {
      "name" : "Jabil_Inc.",
      "metadata" : {
        "guid" : "81bb53e4-7f69-4f4e-968a-f3aeeda81a3d",
        "createdAt" : 1592483837000,
        "updatedAt" : 1592483837000,
        "url" : "/v2/organizations/81bb53e4-7f69-4f4e-968a-f3aeeda81a3d"
      }
    }
  }
} ]#

#2.0#2021 05 06 07:32:41.551#Z#DEBUG#com.sap.cloud.lm.sl.xs2.3adbbf76-ae3d-11eb-84c7-eeee0a8195a5.OPERATION.buildUndeployModelTask#
######org.cloudfoundry.multiapps.controller.persistence.services.ProcessLogger########flowable-async-job-executor-thread-8571###
[BuildCloudUndeployModelStep] Cloud undeployment model built#

#2.0#2021 05 06 07:32:41.552#Z#DEBUG#com.sap.cloud.lm.sl.xs2.3adbbf76-ae3d-11eb-84c7-eeee0a8195a5.OPERATION.buildUndeployModelTask#
######org.cloudfoundry.multiapps.controller.persistence.services.ProcessLogger########flowable-async-job-executor-thread-8571###
Step "Build Undeploy Model" finished#

#2.0#2021 05 06 07:32:41.588#Z#DEBUG#com.sap.cloud.lm.sl.xs2.3adbbf76-ae3d-11eb-84c7-eeee0a8195a5.OPERATION.addDomainsTask#
######org.cloudfoundry.multiapps.controller.persistence.services.ProcessLogger########flowable-async-job-executor-thread-8572###
[AddDomainsStep] Executing task "addDomainsTask" of process "3adbbf96-ae3d-11eb-84c7-eeee0a8195a5"...#

#2.0#2021 05 06 07:32:41.590#Z#DEBUG#com.sap.cloud.lm.sl.xs2.3adbbf76-ae3d-11eb-84c7-eeee0a8195a5.OPERATION.addDomainsTask#
######org.cloudfoundry.multiapps.controller.persistence.services.ProcessLogger########flowable-async-job-executor-thread-8572###
[AddDomainsStep] Custom domains: []#

#2.0#2021 05 06 07:32:41.591#Z#DEBUG#com.sap.cloud.lm.sl.xs2.3adbbf76-ae3d-11eb-84c7-eeee0a8195a5.OPERATION.addDomainsTask#
######org.cloudfoundry.multiapps.controller.persistence.services.ProcessLogger########flowable-async-job-executor-thread-8572###
Step "Add Domains" finished#

#2.0#2021 05 06 07:32:41.627#Z#DEBUG#com.sap.cloud.lm.sl.xs2.3adbbf76-ae3d-11eb-84c7-eeee0a8195a5.OPERATION.prepareModulesDeploymentTask#
######org.cloudfoundry.multiapps.controller.persistence.services.ProcessLogger########flowable-async-job-executor-thread-8572###
[PrepareModulesDeploymentStep] Executing task "prepareModulesDeploymentTask" of process "3dada4af-ae3d-11eb-84c7-eeee0a8195a5"...#

#2.0#2021 05 06 07:32:41.628#Z#DEBUG#com.sap.cloud.lm.sl.xs2.3adbbf76-ae3d-11eb-84c7-eeee0a8195a5.OPERATION.prepareModulesDeploymentTask#
######org.cloudfoundry.multiapps.controller.persistence.services.ProcessLogger########flowable-async-job-executor-thread-8572###
[PrepareModulesDeploymentStep] Preparing modules deployment...#

#2.0#2021 05 06 07:32:41.635#Z#DEBUG#com.sap.cloud.lm.sl.xs2.3adbbf76-ae3d-11eb-84c7-eeee0a8195a5.OPERATION.prepareModulesDeploymentTask#
######org.cloudfoundry.multiapps.controller.persistence.services.ProcessLogger########flowable-async-job-executor-thread-8572###
Step "Prepare Modules Deployment" finished#

#2.0#2021 05 06 07:32:41.685#Z#DEBUG#com.sap.cloud.lm.sl.xs2.3adbbf76-ae3d-11eb-84c7-eeee0a8195a5.OPERATION.createSubscriptionsTask#
######org.cloudfoundry.multiapps.controller.persistence.services.ProcessLogger########flowable-async-job-executor-thread-8574###
[CreateSubscriptionsStep] Executing task "createSubscriptionsTask" of process "3db48190-ae3d-11eb-84c7-eeee0a8195a5"...#

#2.0#2021 05 06 07:32:41.686#Z#DEBUG#com.sap.cloud.lm.sl.xs2.3adbbf76-ae3d-11eb-84c7-eeee0a8195a5.OPERATION.createSubscriptionsTask#
######org.cloudfoundry.multiapps.controller.persistence.services.ProcessLogger########flowable-async-job-executor-thread-8574###
[CreateSubscriptionsStep] Creating subscriptions...#

#2.0#2021 05 06 07:32:41.687#Z#DEBUG#com.sap.cloud.lm.sl.xs2.3adbbf76-ae3d-11eb-84c7-eeee0a8195a5.OPERATION.createSubscriptionsTask#
######org.cloudfoundry.multiapps.controller.persistence.services.ProcessLogger########flowable-async-job-executor-thread-8574###
[CreateSubscriptionsStep] Subscriptions created#

#2.0#2021 05 06 07:32:41.689#Z#DEBUG#com.sap.cloud.lm.sl.xs2.3adbbf76-ae3d-11eb-84c7-eeee0a8195a5.OPERATION.createSubscriptionsTask#
######org.cloudfoundry.multiapps.controller.persistence.services.ProcessLogger########flowable-async-job-executor-thread-8574###
Step "Create Subscriptions" finished#

#2.0#2021 05 06 07:32:41.719#Z#DEBUG#com.sap.cloud.lm.sl.xs2.3adbbf76-ae3d-11eb-84c7-eeee0a8195a5.OPERATION.deleteSubscriptionsTask#
######org.cloudfoundry.multiapps.controller.persistence.services.ProcessLogger########flowable-async-job-executor-thread-8574###
[DeleteSubscriptionsStep] Executing task "deleteSubscriptionsTask" of process "3db48190-ae3d-11eb-84c7-eeee0a8195a5"...#

#2.0#2021 05 06 07:32:41.720#Z#DEBUG#com.sap.cloud.lm.sl.xs2.3adbbf76-ae3d-11eb-84c7-eeee0a8195a5.OPERATION.deleteSubscriptionsTask#
######org.cloudfoundry.multiapps.controller.persistence.services.ProcessLogger########flowable-async-job-executor-thread-8574###
[DeleteSubscriptionsStep] Deleting discontinued subscriptions...#

#2.0#2021 05 06 07:32:41.721#Z#DEBUG#com.sap.cloud.lm.sl.xs2.3adbbf76-ae3d-11eb-84c7-eeee0a8195a5.OPERATION.deleteSubscriptionsTask#
######org.cloudfoundry.multiapps.controller.persistence.services.ProcessLogger########flowable-async-job-executor-thread-8574###
[DeleteSubscriptionsStep] Subscriptions to delete: [ ]#

#2.0#2021 05 06 07:32:41.722#Z#DEBUG#com.sap.cloud.lm.sl.xs2.3adbbf76-ae3d-11eb-84c7-eeee0a8195a5.OPERATION.deleteSubscriptionsTask#
######org.cloudfoundry.multiapps.controller.persistence.services.ProcessLogger########flowable-async-job-executor-thread-8574###
[DeleteSubscriptionsStep] Deleted discontinued subscriptions#

#2.0#2021 05 06 07:32:41.723#Z#DEBUG#com.sap.cloud.lm.sl.xs2.3adbbf76-ae3d-11eb-84c7-eeee0a8195a5.OPERATION.deleteSubscriptionsTask#
######org.cloudfoundry.multiapps.controller.persistence.services.ProcessLogger########flowable-async-job-executor-thread-8574###
Step "Delete Subscriptions" finished#

#2.0#2021 05 06 07:32:41.751#Z#DEBUG#com.sap.cloud.lm.sl.xs2.3adbbf76-ae3d-11eb-84c7-eeee0a8195a5.OPERATION.deleteDiscontinuedConfigurationEntriesTask#
######org.cloudfoundry.multiapps.controller.persistence.services.ProcessLogger########flowable-async-job-executor-thread-8576###
[DeleteDiscontinuedConfigurationEntriesStep] Executing task "deleteDiscontinuedConfigurationEntriesTask" of process "3db48190-ae3d-11eb-84c7-eeee0a8195a5"...#

#2.0#2021 05 06 07:32:41.752#Z#DEBUG#com.sap.cloud.lm.sl.xs2.3adbbf76-ae3d-11eb-84c7-eeee0a8195a5.OPERATION.deleteDiscontinuedConfigurationEntriesTask#
######org.cloudfoundry.multiapps.controller.persistence.services.ProcessLogger########flowable-async-job-executor-thread-8576###
[DeleteDiscontinuedConfigurationEntriesStep] Deleting discontinued published dependencies...#

#2.0#2021 05 06 07:32:41.798#Z#DEBUG#com.sap.cloud.lm.sl.xs2.3adbbf76-ae3d-11eb-84c7-eeee0a8195a5.OPERATION.deleteDiscontinuedConfigurationEntriesTask#
######org.cloudfoundry.multiapps.controller.persistence.services.ProcessLogger########flowable-async-job-executor-thread-8576###
[DeleteDiscontinuedConfigurationEntriesStep] Deleted entries: [ ]#

#2.0#2021 05 06 07:32:41.798#Z#DEBUG#com.sap.cloud.lm.sl.xs2.3adbbf76-ae3d-11eb-84c7-eeee0a8195a5.OPERATION.deleteDiscontinuedConfigurationEntriesTask#
######org.cloudfoundry.multiapps.controller.persistence.services.ProcessLogger########flowable-async-job-executor-thread-8576###
[DeleteDiscontinuedConfigurationEntriesStep] Discontinued published dependencies deleted#

#2.0#2021 05 06 07:32:41.800#Z#DEBUG#com.sap.cloud.lm.sl.xs2.3adbbf76-ae3d-11eb-84c7-eeee0a8195a5.OPERATION.deleteDiscontinuedConfigurationEntriesTask#
######org.cloudfoundry.multiapps.controller.persistence.services.ProcessLogger########flowable-async-job-executor-thread-8576###
Step "Delete Discontinued Configuration Entries" finished#

#2.0#2021 05 06 07:32:41.928#Z#DEBUG#com.sap.cloud.lm.sl.xs2.3adbbf76-ae3d-11eb-84c7-eeee0a8195a5.OPERATION.deleteApplicationRoutesTask#
######org.cloudfoundry.multiapps.controller.persistence.services.ProcessLogger########flowable-async-job-executor-thread-8570###
[DeleteApplicationRoutesStep] Executing task "deleteApplicationRoutesTask" of process "3dd63ae4-ae3d-11eb-84c7-eeee0a8195a5"...#

#2.0#2021 05 06 07:32:41.930#Z#INFO#com.sap.cloud.lm.sl.xs2.3adbbf76-ae3d-11eb-84c7-eeee0a8195a5.OPERATION.deleteApplicationRoutesTask#
######org.cloudfoundry.multiapps.controller.persistence.services.ProcessLogger########flowable-async-job-executor-thread-8570###
[DeleteApplicationRoutesStep] Deleting routes for application "supplieronboarding-approuter"...#

#2.0#2021 05 06 07:32:41.942#Z#DEBUG#com.sap.cloud.lm.sl.xs2.3adbbf76-ae3d-11eb-84c7-eeee0a8195a5.OPERATION.deleteApplicationRoutesTask#
######org.cloudfoundry.multiapps.controller.persistence.services.ProcessLogger########flowable-async-job-executor-thread-8570###
[DeleteApplicationRoutesStep] Getting application guid "supplieronboarding-approuter"...#

#2.0#2021 05 06 07:32:42.323#Z#DEBUG#com.sap.cloud.lm.sl.xs2.3adbbf76-ae3d-11eb-84c7-eeee0a8195a5.OPERATION.deleteApplicationRoutesTask#
######org.cloudfoundry.multiapps.controller.persistence.services.ProcessLogger########flowable-async-job-executor-thread-8570###
[DeleteApplicationRoutesStep] Routes for application supplieronboarding-approuter: [ {
  "metadata" : {
    "guid" : "aa37a886-17da-4645-9bd4-1daa6356b5e9",
    "createdAt" : 1619019837000,
    "updatedAt" : 1619019837000,
    "url" : "/v2/routes/aa37a886-17da-4645-9bd4-1daa6356b5e9"
  },
  "appsUsingRoute" : 1,
  "hasServiceUsingRoute" : false,
  "domain" : {
    "name" : "cfapps.us10.hana.ondemand.com",
    "metadata" : {
      "guid" : "60e8ce32-aa5c-4497-96d7-134d814cedfa",
      "createdAt" : 1462886685000,
      "updatedAt" : 1551332019000,
      "url" : "/v2/shared_domains/60e8ce32-aa5c-4497-96d7-134d814cedfa"
    }
  },
  "host" : "jabil-inc--partner-life-cycle-management-supplieronboar3f57b9da",
  "path" : ""
} ]#

#2.0#2021 05 06 07:32:42.323#Z#DEBUG#com.sap.cloud.lm.sl.xs2.3adbbf76-ae3d-11eb-84c7-eeee0a8195a5.OPERATION.deleteApplicationRoutesTask#
######org.cloudfoundry.multiapps.controller.persistence.services.ProcessLogger########flowable-async-job-executor-thread-8570###
[DeleteApplicationRoutesStep] Updating URIs of application "supplieronboarding-approuter" to: #

#2.0#2021 05 06 07:32:43.373#Z#INFO#com.sap.cloud.lm.sl.xs2.3adbbf76-ae3d-11eb-84c7-eeee0a8195a5.OPERATION.deleteApplicationRoutesTask#
######org.cloudfoundry.multiapps.controller.persistence.services.ProcessLogger########flowable-async-job-executor-thread-8570###
[DeleteApplicationRoutesStep] Deleting route "jabil-inc--partner-life-cycle-management-supplieronboar3f57b9da.cfapps.us10.hana.ondemand.com"...#

#2.0#2021 05 06 07:32:43.377#Z#DEBUG#com.sap.cloud.lm.sl.xs2.3adbbf76-ae3d-11eb-84c7-eeee0a8195a5.OPERATION.deleteApplicationRoutesTask#
######org.cloudfoundry.multiapps.controller.persistence.services.ProcessLogger########flowable-async-job-executor-thread-8570###
[DeleteApplicationRoutesStep] Deleting route with host "jabil-inc--partner-life-cycle-management-supplieronboar3f57b9da", domain "cfapps.us10.hana.ondemand.com" and path ""...#

#2.0#2021 05 06 07:32:43.828#Z#DEBUG#com.sap.cloud.lm.sl.xs2.3adbbf76-ae3d-11eb-84c7-eeee0a8195a5.OPERATION.deleteApplicationRoutesTask#
######org.cloudfoundry.multiapps.controller.persistence.services.ProcessLogger########flowable-async-job-executor-thread-8570###
[DeleteApplicationRoutesStep] Route "jabil-inc--partner-life-cycle-management-supplieronboar3f57b9da.cfapps.us10.hana.ondemand.com" deleted#

#2.0#2021 05 06 07:32:43.829#Z#DEBUG#com.sap.cloud.lm.sl.xs2.3adbbf76-ae3d-11eb-84c7-eeee0a8195a5.OPERATION.deleteApplicationRoutesTask#
######org.cloudfoundry.multiapps.controller.persistence.services.ProcessLogger########flowable-async-job-executor-thread-8570###
[DeleteApplicationRoutesStep] App routes for applications "supplieronboarding-approuter" deleted#

#2.0#2021 05 06 07:32:43.830#Z#DEBUG#com.sap.cloud.lm.sl.xs2.3adbbf76-ae3d-11eb-84c7-eeee0a8195a5.OPERATION.deleteApplicationRoutesTask#
######org.cloudfoundry.multiapps.controller.persistence.services.ProcessLogger########flowable-async-job-executor-thread-8570###
Step "Delete Application Routes Step" finished#

#2.0#2021 05 06 07:32:43.870#Z#DEBUG#com.sap.cloud.lm.sl.xs2.3adbbf76-ae3d-11eb-84c7-eeee0a8195a5.OPERATION.stopApplicationUndeploymentTask#
######org.cloudfoundry.multiapps.controller.persistence.services.ProcessLogger########flowable-async-job-executor-thread-8577###
[StopApplicationUndeploymentStep] Executing task "stopApplicationUndeploymentTask" of process "3dd63ae4-ae3d-11eb-84c7-eeee0a8195a5"...#

#2.0#2021 05 06 07:32:43.872#Z#INFO#com.sap.cloud.lm.sl.xs2.3adbbf76-ae3d-11eb-84c7-eeee0a8195a5.OPERATION.stopApplicationUndeploymentTask#
######org.cloudfoundry.multiapps.controller.persistence.services.ProcessLogger########flowable-async-job-executor-thread-8577###
[StopApplicationUndeploymentStep] Stopping application "supplieronboarding-approuter"...#

#2.0#2021 05 06 07:32:43.876#Z#DEBUG#com.sap.cloud.lm.sl.xs2.3adbbf76-ae3d-11eb-84c7-eeee0a8195a5.OPERATION.stopApplicationUndeploymentTask#
######org.cloudfoundry.multiapps.controller.persistence.services.ProcessLogger########flowable-async-job-executor-thread-8577###
[StopApplicationUndeploymentStep] Stopping application "supplieronboarding-approuter"...#

#2.0#2021 05 06 07:32:44.213#Z#DEBUG#com.sap.cloud.lm.sl.xs2.3adbbf76-ae3d-11eb-84c7-eeee0a8195a5.OPERATION.stopApplicationUndeploymentTask#
######org.cloudfoundry.multiapps.controller.persistence.services.ProcessLogger########flowable-async-job-executor-thread-8577###
[StopApplicationUndeploymentStep] Application "supplieronboarding-approuter" stopped#

#2.0#2021 05 06 07:32:44.215#Z#DEBUG#com.sap.cloud.lm.sl.xs2.3adbbf76-ae3d-11eb-84c7-eeee0a8195a5.OPERATION.stopApplicationUndeploymentTask#
######org.cloudfoundry.multiapps.controller.persistence.services.ProcessLogger########flowable-async-job-executor-thread-8577###
Step "Stop Application Undeployment Step" finished#

#2.0#2021 05 06 07:32:44.252#Z#DEBUG#com.sap.cloud.lm.sl.xs2.3adbbf76-ae3d-11eb-84c7-eeee0a8195a5.OPERATION.deleteApplicationTask#
######org.cloudfoundry.multiapps.controller.persistence.services.ProcessLogger########flowable-async-job-executor-thread-8577###
[DeleteApplicationStep] Executing task "deleteApplicationTask" of process "3dd63ae4-ae3d-11eb-84c7-eeee0a8195a5"...#

#2.0#2021 05 06 07:32:44.253#Z#DEBUG#com.sap.cloud.lm.sl.xs2.3adbbf76-ae3d-11eb-84c7-eeee0a8195a5.OPERATION.deleteApplicationTask#
######org.cloudfoundry.multiapps.controller.persistence.services.ProcessLogger########flowable-async-job-executor-thread-8577###
[DeleteApplicationStep] Getting tasks for application "supplieronboarding-approuter"...#

#2.0#2021 05 06 07:32:44.422#Z#INFO#com.sap.cloud.lm.sl.xs2.3adbbf76-ae3d-11eb-84c7-eeee0a8195a5.OPERATION.deleteApplicationTask#
######org.cloudfoundry.multiapps.controller.persistence.services.ProcessLogger########flowable-async-job-executor-thread-8577###
[DeleteApplicationStep] Deleting application "supplieronboarding-approuter"...#

#2.0#2021 05 06 07:32:44.426#Z#DEBUG#com.sap.cloud.lm.sl.xs2.3adbbf76-ae3d-11eb-84c7-eeee0a8195a5.OPERATION.deleteApplicationTask#
######org.cloudfoundry.multiapps.controller.persistence.services.ProcessLogger########flowable-async-job-executor-thread-8577###
[DeleteApplicationStep] Deleting application "supplieronboarding-approuter"...#

#2.0#2021 05 06 07:32:46.211#Z#DEBUG#com.sap.cloud.lm.sl.xs2.3adbbf76-ae3d-11eb-84c7-eeee0a8195a5.OPERATION.deleteApplicationTask#
######org.cloudfoundry.multiapps.controller.persistence.services.ProcessLogger########flowable-async-job-executor-thread-8577###
[DeleteApplicationStep] Application "supplieronboarding-approuter" deleted#

#2.0#2021 05 06 07:32:46.213#Z#DEBUG#com.sap.cloud.lm.sl.xs2.3adbbf76-ae3d-11eb-84c7-eeee0a8195a5.OPERATION.deleteApplicationTask#
######org.cloudfoundry.multiapps.controller.persistence.services.ProcessLogger########flowable-async-job-executor-thread-8577###
Step "Delete Application Step" finished#

#2.0#2021 05 06 07:32:46.275#Z#WARN#com.sap.cloud.lm.sl.xs2.3adbbf76-ae3d-11eb-84c7-eeee0a8195a5.OPERATION.deleteDiscontinuedConfigurationEntriesTask#
######org.cloudfoundry.multiapps.controller.persistence.services.ProcessLogger########flowable-async-job-executor-thread-8578###
[DoNotDeleteServicesListener] Skipping deletion of services, because the command line option "--delete-services" is not specified.#

#2.0#2021 05 06 07:32:46.340#Z#DEBUG#com.sap.cloud.lm.sl.xs2.3adbbf76-ae3d-11eb-84c7-eeee0a8195a5.OPERATION.detachServicesFromMtaTask#
######org.cloudfoundry.multiapps.controller.persistence.services.ProcessLogger########flowable-async-job-executor-thread-8578###
[DetachServicesFromMtaStep] Executing task "detachServicesFromMtaTask" of process "407772ba-ae3d-11eb-84c7-eeee0a8195a5"...#

#2.0#2021 05 06 07:32:46.342#Z#DEBUG#com.sap.cloud.lm.sl.xs2.3adbbf76-ae3d-11eb-84c7-eeee0a8195a5.OPERATION.detachServicesFromMtaTask#
######org.cloudfoundry.multiapps.controller.persistence.services.ProcessLogger########flowable-async-job-executor-thread-8578###
[DetachServicesFromMtaStep] Detaching services from MTA...#

#2.0#2021 05 06 07:32:46.343#Z#DEBUG#com.sap.cloud.lm.sl.xs2.3adbbf76-ae3d-11eb-84c7-eeee0a8195a5.OPERATION.detachServicesFromMtaTask#
######org.cloudfoundry.multiapps.controller.persistence.services.ProcessLogger########flowable-async-job-executor-thread-8578###
[DetachServicesFromMtaStep] Getting service instances without auxiliary content by names [connectivity_form, dest_form, plcm_connectivity, plcm_destination, supplierOnboarding-xsuaa-service, supplierOnboarding_html_repo_host, supplierOnboarding_html_repo_runtime]...#

#2.0#2021 05 06 07:32:46.498#Z#INFO#com.sap.cloud.lm.sl.xs2.3adbbf76-ae3d-11eb-84c7-eeee0a8195a5.OPERATION.detachServicesFromMtaTask#
######org.cloudfoundry.multiapps.controller.persistence.services.ProcessLogger########flowable-async-job-executor-thread-8578###
[DetachServicesFromMtaStep] Detaching service "supplierOnboarding_html_repo_host" from MTA...#

#2.0#2021 05 06 07:32:46.503#Z#DEBUG#com.sap.cloud.lm.sl.xs2.3adbbf76-ae3d-11eb-84c7-eeee0a8195a5.OPERATION.detachServicesFromMtaTask#
######org.cloudfoundry.multiapps.controller.persistence.services.ProcessLogger########flowable-async-job-executor-thread-8578###
[DetachServicesFromMtaStep] Updating metadata of service instance "f16c86d4-dd5b-473e-b96d-898b56d6aef7" to: {
  "annotations" : { },
  "labels" : { }
}#

#2.0#2021 05 06 07:32:46.727#Z#INFO#com.sap.cloud.lm.sl.xs2.3adbbf76-ae3d-11eb-84c7-eeee0a8195a5.OPERATION.detachServicesFromMtaTask#
######org.cloudfoundry.multiapps.controller.persistence.services.ProcessLogger########flowable-async-job-executor-thread-8578###
[DetachServicesFromMtaStep] Detaching service "plcm_destination" from MTA...#

#2.0#2021 05 06 07:32:46.732#Z#DEBUG#com.sap.cloud.lm.sl.xs2.3adbbf76-ae3d-11eb-84c7-eeee0a8195a5.OPERATION.detachServicesFromMtaTask#
######org.cloudfoundry.multiapps.controller.persistence.services.ProcessLogger########flowable-async-job-executor-thread-8578###
[DetachServicesFromMtaStep] Updating metadata of service instance "ad5c7613-a79d-46aa-a5d5-ece2a1498984" to: {
  "annotations" : { },
  "labels" : { }
}#

#2.0#2021 05 06 07:32:47.159#Z#INFO#com.sap.cloud.lm.sl.xs2.3adbbf76-ae3d-11eb-84c7-eeee0a8195a5.OPERATION.detachServicesFromMtaTask#
######org.cloudfoundry.multiapps.controller.persistence.services.ProcessLogger########flowable-async-job-executor-thread-8578###
[DetachServicesFromMtaStep] Detaching service "plcm_connectivity" from MTA...#

#2.0#2021 05 06 07:32:47.163#Z#DEBUG#com.sap.cloud.lm.sl.xs2.3adbbf76-ae3d-11eb-84c7-eeee0a8195a5.OPERATION.detachServicesFromMtaTask#
######org.cloudfoundry.multiapps.controller.persistence.services.ProcessLogger########flowable-async-job-executor-thread-8578###
[DetachServicesFromMtaStep] Updating metadata of service instance "4c21234c-169a-4df3-afb4-c041e1585b0c" to: {
  "annotations" : { },
  "labels" : { }
}#

#2.0#2021 05 06 07:32:47.366#Z#INFO#com.sap.cloud.lm.sl.xs2.3adbbf76-ae3d-11eb-84c7-eeee0a8195a5.OPERATION.detachServicesFromMtaTask#
######org.cloudfoundry.multiapps.controller.persistence.services.ProcessLogger########flowable-async-job-executor-thread-8578###
[DetachServicesFromMtaStep] Detaching service "supplierOnboarding-xsuaa-service" from MTA...#

#2.0#2021 05 06 07:32:47.371#Z#DEBUG#com.sap.cloud.lm.sl.xs2.3adbbf76-ae3d-11eb-84c7-eeee0a8195a5.OPERATION.detachServicesFromMtaTask#
######org.cloudfoundry.multiapps.controller.persistence.services.ProcessLogger########flowable-async-job-executor-thread-8578###
[DetachServicesFromMtaStep] Updating metadata of service instance "3711baa3-9cd3-43c4-abb3-bf55ddb50dde" to: {
  "annotations" : { },
  "labels" : { }
}#

#2.0#2021 05 06 07:32:47.590#Z#DEBUG#com.sap.cloud.lm.sl.xs2.3adbbf76-ae3d-11eb-84c7-eeee0a8195a5.OPERATION.detachServicesFromMtaTask#
######org.cloudfoundry.multiapps.controller.persistence.services.ProcessLogger########flowable-async-job-executor-thread-8578###
[DetachServicesFromMtaStep] Detached services from MTA#

#2.0#2021 05 06 07:32:47.591#Z#DEBUG#com.sap.cloud.lm.sl.xs2.3adbbf76-ae3d-11eb-84c7-eeee0a8195a5.OPERATION.detachServicesFromMtaTask#
######org.cloudfoundry.multiapps.controller.persistence.services.ProcessLogger########flowable-async-job-executor-thread-8578###
Step "Detach Services from MTA" finished#

#2.0#2021 05 06 07:32:47.622#Z#DEBUG#com.sap.cloud.lm.sl.xs2.3adbbf76-ae3d-11eb-84c7-eeee0a8195a5.OPERATION.updateSubscribersTask#
######org.cloudfoundry.multiapps.controller.persistence.services.ProcessLogger########flowable-async-job-executor-thread-8579###
[UpdateSubscribersStep] Executing task "updateSubscribersTask" of process "407772ba-ae3d-11eb-84c7-eeee0a8195a5"...#

#2.0#2021 05 06 07:32:47.623#Z#DEBUG#com.sap.cloud.lm.sl.xs2.3adbbf76-ae3d-11eb-84c7-eeee0a8195a5.OPERATION.updateSubscribersTask#
######org.cloudfoundry.multiapps.controller.persistence.services.ProcessLogger########flowable-async-job-executor-thread-8579###
[UpdateSubscribersStep] Updating subscribers...#

#2.0#2021 05 06 07:32:47.684#Z#DEBUG#com.sap.cloud.lm.sl.xs2.3adbbf76-ae3d-11eb-84c7-eeee0a8195a5.OPERATION.updateSubscribersTask#
######org.cloudfoundry.multiapps.controller.persistence.services.ProcessLogger########flowable-async-job-executor-thread-8579###
[UpdateSubscribersStep] Subscribers updated#

#2.0#2021 05 06 07:32:47.686#Z#DEBUG#com.sap.cloud.lm.sl.xs2.3adbbf76-ae3d-11eb-84c7-eeee0a8195a5.OPERATION.updateSubscribersTask#
######org.cloudfoundry.multiapps.controller.persistence.services.ProcessLogger########flowable-async-job-executor-thread-8579###
Step "Update Subscribers" finished#

#2.0#2021 05 06 07:32:47.722#Z#DEBUG#com.sap.cloud.lm.sl.xs2.3adbbf76-ae3d-11eb-84c7-eeee0a8195a5.OPERATION.restartSubscribersTask#
######org.cloudfoundry.multiapps.controller.persistence.services.ProcessLogger########flowable-async-job-executor-thread-8580###
[RestartSubscribersStep] Executing task "restartSubscribersTask" of process "407772ba-ae3d-11eb-84c7-eeee0a8195a5"...#

#2.0#2021 05 06 07:32:47.725#Z#DEBUG#com.sap.cloud.lm.sl.xs2.3adbbf76-ae3d-11eb-84c7-eeee0a8195a5.OPERATION.restartSubscribersTask#
######org.cloudfoundry.multiapps.controller.persistence.services.ProcessLogger########flowable-async-job-executor-thread-8580###
Step "Restart Subscribers" finished#

#2.0#2021 05 06 07:32:47.753#Z#DEBUG#com.sap.cloud.lm.sl.xs2.3adbbf76-ae3d-11eb-84c7-eeee0a8195a5.OPERATION.prepareToRestartServiceBrokerSubscribersTask#
######org.cloudfoundry.multiapps.controller.persistence.services.ProcessLogger########flowable-async-job-executor-thread-8581###
[PrepareToRestartServiceBrokerSubscribersStep] Executing task "prepareToRestartServiceBrokerSubscribersTask" of process "407772ba-ae3d-11eb-84c7-eeee0a8195a5"...#

#2.0#2021 05 06 07:32:47.757#Z#DEBUG#com.sap.cloud.lm.sl.xs2.3adbbf76-ae3d-11eb-84c7-eeee0a8195a5.OPERATION.prepareToRestartServiceBrokerSubscribersTask#
######org.cloudfoundry.multiapps.controller.persistence.services.ProcessLogger########flowable-async-job-executor-thread-8581###
Step "Prepare To Restart Service Brokers Subscribers" finished#

